-------------------------------------------------------------------------------
Test set: org.kurento.turorial.helloworld.test.FooTest
-------------------------------------------------------------------------------
Tests run: 2, Failures: 1, Errors: 0, Skipped: 0, Time elapsed: 0.246 sec <<< FAILURE! - in org.kurento.turorial.helloworld.test.FooTest
testFail(org.kurento.turorial.helloworld.test.FooTest)  Time elapsed: 0.02 sec  <<< FAILURE!
java.lang.AssertionError: Not yet implemented
	at org.kurento.turorial.helloworld.test.FooTest.testFail(FooTest.java:11)

